Initializing ThreadPool with 8 threads...
18
./irp
nb_scenarios_: 30
path: Data/Small/Istanze0105h3/0.dat
isstockout 1
read file done
0
path: Data/Small/Istanze0105h3/0.dat
isstockout 1
read file done
0
path: Data/Small/Istanze0105h3/0.dat
isstockout 1
read file done
0
path: Data/Small/Istanze0105h3/0.dat
isstockout 1
read file done
0
path: Data/Small/Istanze0105h3/0.dat
isstockout 1
read file done
0
path: Data/Small/Istanze0105h3/0.dat
isstockout 1
read file done
0
path: Data/Small/Istanze0105h3/0.dat
isstockout 1
read file done
0
path: Data/Small/Istanze0105h3/0.dat
isstockout 1
read file done
0
path: Data/Small/Istanze0105h3/0.dat
isstockout 1
read file done
0
path: Data/Small/Istanze0105h3/0.dat
isstockout 1
read file done
0
path: Data/Small/Istanze0105h3/0.dat
isstockout 1
read file done
0
path: Data/Small/Istanze0105h3/0.dat
isstockout 1
read file done
0
path: Data/Small/Istanze0105h3/0.dat
isstockout 1
read file done
0
path: Data/Small/Istanze0105h3/0.dat
isstockout 1
read file done
0
path: Data/Small/Istanze0105h3/0.dat
isstockout 1
read file done
0
path: Data/Small/Istanze0105h3/0.dat
isstockout 1
read file done
0
path: Data/Small/Istanze0105h3/0.dat
isstockout 1
read file done
0
path: Data/Small/Istanze0105h3/0.dat
isstockout 1
read file done
0
path: Data/Small/Istanze0105h3/0.dat
isstockout 1
read file done
0
path: Data/Small/Istanze0105h3/0.dat
isstockout 1
read file done
0
path: Data/Small/Istanze0105h3/0.dat
isstockout 1
read file done
0
path: Data/Small/Istanze0105h3/0.dat
isstockout 1
read file done
0
path: Data/Small/Istanze0105h3/0.dat
isstockout 1
read file done
0
path: Data/Small/Istanze0105h3/0.dat
isstockout 1
read file done
0
path: Data/Small/Istanze0105h3/0.dat
isstockout 1
read file done
0
path: Data/Small/Istanze0105h3/0.dat
isstockout 1
read file done
0
path: Data/Small/Istanze0105h3/0.dat
isstockout 1
read file done
0
path: Data/Small/Istanze0105h3/0.dat
isstockout 1
read file done
0
path: Data/Small/Istanze0105h3/0.dat
isstockout 1
read file done
0
path: Data/Small/Istanze0105h3/0.dat
isstockout 1
read file done
0
path: Data/Small/Istanze0105h3/0.dat
isstockout 1
read file done
0
已为所有场景设置客户需求矩阵
init population
new Individu
education
updateNbValides
addIndividu
new Individu
education
updateNbValides
addIndividu
new Individu
education
updateNbValides
addIndividu
new Individu
education
updateNbValides
addIndividu
new Individu
education
updateNbValides
addIndividu
new Individu
education
updateNbValides
addIndividu
new Individu
education
updateNbValides
addIndividu
new Individu
education
updateNbValides
addIndividu
new Individu
education
updateNbValides
addIndividu
new Individu
education
updateNbValides
addIndividu
new Individu
education
updateNbValides
addIndividu
new Individu
education
updateNbValides
addIndividu
new Individu
education
updateNbValides
addIndividu
new Individu
education
updateNbValides
addIndividu
new Individu
education
updateNbValides
addIndividu
new Individu
education
updateNbValides
addIndividu
new Individu
education
updateNbValides
addIndividu
new Individu
education
updateNbValides
addIndividu
new Individu
education
updateNbValides
addIndividu
new Individu
education
updateNbValides
addIndividu
new Individu
education
updateNbValides
addIndividu
new Individu
education
updateNbValides
addIndividu
new Individu
education
updateNbValides
addIndividu
new Individu
education
updateNbValides
addIndividu
create population
create solver
Solver is running...
It 0 | Sol 
5811.96 5872.35 6477.78 6125.72 6233.65 5532.11 6601.28 5941.66 6135.87 6086.75  | 
6276.98 6605.7 7073.16 6300.4 6246.18 6028.69 6918.2 6402 6407.91 6800.67 
 | Moy 3.9695598e+08 201756.11 | Div 0.15866667 0.78666667 | Val 0.99 1 | Pen 42032.5 0.85 | Pop 21 5
It 1 | Sol 
5811.96 5872.35 6477.78 6125.72 6233.65 5532.11 6601.28 5941.66 6135.87 6086.75  | 
6276.98 6605.7 7073.16 6300.4 6246.18 6028.69 6918.2 6402 6407.91 6800.67 
 | Moy 3.9695598e+08 203036.15 | Div 0.15866667 0.52444444 | Val 0.98 1 | Pen 42032.5 0.85 | Pop 21 6
It 2 | Sol 
5811.96 6227.4 6452.52 6125.72 6291.87 5532.11 6530.92 5119.65 5845.04 5771.43  | 
6276.98 6605.7 7073.16 6300.4 6246.18 6028.69 6918.2 6402 6407.91 6800.67 
 | Moy 3.6088554e+08 203036.15 | Div 0.2729697 0.52444444 | Val 0.97 1 | Pen 42032.5 0.85 | Pop 22 7
It 3 | Sol 
5885.77 6227.4 6570.44 6257.55 6233.65 5532.11 6530.92 5119.65 6642.06 5327.75  | 
6276.98 6605.7 7073.16 6300.4 6246.18 6028.69 6918.2 6402 6407.91 6800.67 
 | Moy 3.2080698e+08 203676.17 | Div 0.37721212 0.39333333 | Val 0.96 1 | Pen 42032.5 0.85 | Pop 23 8
It 4 | Sol 
5885.77 6227.4 6570.44 6257.55 6233.65 5532.11 6530.92 5119.65 6642.06 5327.75  | 
6276.98 6605.7 7073.16 6300.4 6246.18 6028.69 6918.2 6402 6407.91 6800.67 
 | Moy 2.9408847e+08 203676.17 | Div 0.41707071 0.39333333 | Val 0.95 1 | Pen 42032.5 0.85 | Pop 24 9
It 5 | Sol 
5415.32 5872.35 6477.78 6125.72 6291.87 4892.71 6530.92 5887.59 5791.14 5327.75  | 
6276.98 6605.7 7073.16 6300.4 6246.18 6028.69 6918.2 6402 6407.91 6800.67 
 | Moy 2.5734954e+08 204060.18 | Div 0.50232323 0.31466667 | Val 0.94 1 | Pen 42032.5 0.85 | Pop 25 10
It 6 | Sol 
5415.32 5872.35 6477.78 6125.72 6291.87 4892.71 6530.92 5887.59 5791.14 5327.75  | 
6276.98 6605.7 7073.16 6300.4 6246.18 6028.69 6918.2 6402 6407.91 6800.67 
 | Moy 2.3756784e+08 204060.18 | Div 0.52880342 0.31466667 | Val 0.93 1 | Pen 42032.5 0.85 | Pop 26 11
It 7 | Sol 
5415.32 5872.35 6477.78 6125.72 6291.87 4892.71 6530.92 5887.59 5791.14 5327.75  | 
6276.98 6605.7 7073.16 6300.4 6246.18 6028.69 6918.2 6402 6407.91 6800.67 
 | Moy 2.0365565e+08 1092453.2 | Div 0.58145299 0.40888889 | Val 0.92 1 | Pen 42032.5 0.85 | Pop 27 12
It 8 | Sol 
5415.32 5872.35 6477.78 6125.72 6291.87 4892.71 6530.92 5887.59 5791.14 5327.75  | 
6276.98 6605.7 7073.16 6300.4 6246.18 6028.69 6918.2 6402 6407.91 6800.67 
 | Moy 2.0365565e+08 1092453.2 | Div 0.58145299 0.40888889 | Val 0.91 1 | Pen 42032.5 0.85 | Pop 27 13
It 9 | Sol 
5415.32 5872.35 6477.78 6125.72 6291.87 4892.71 6530.92 5887.59 5791.14 5327.75  | 
6276.98 6605.7 7073.16 6300.4 6246.18 6028.69 6918.2 6402 6407.91 6800.67 
 | Moy 2.0365565e+08 3119794.6 | Div 0.58145299 0.48952381 | Val 0.9 1 | Pen 42032.5 0.85 | Pop 27 14
It 10 | Sol 
5415.32 5872.35 6477.78 6125.72 6291.87 4892.71 6530.92 5887.59 5791.14 5327.75  | 
5851.97 6147.65 7013.29 6248.45 6381.13 5330.62 6997.86 5940.65 5885.05 5154.98 
 | Moy 2.0365565e+08 190732.72 | Div 0.58145299 0.72063492 | Val 0.89 1 | Pen 35727.625 0.7225 | Pop 27 15
It 11 | Sol 
5415.32 5872.35 6477.78 6125.72 6291.87 4892.71 6530.92 5887.59 5791.14 5327.75  | 
5851.97 6147.65 7013.29 6248.45 6381.13 5330.62 6997.86 5940.65 5885.05 5154.98 
 | Moy 2.0365565e+08 191585.13 | Div 0.58145299 0.72404762 | Val 0.88 1 | Pen 35727.625 0.7225 | Pop 27 16
It 12 | Sol 
5415.32 5872.35 6477.78 6125.72 6291.87 4892.71 6530.92 5887.59 5791.14 5327.75  | 
5851.97 6147.65 7013.29 6248.45 6381.13 5330.62 6997.86 5940.65 5885.05 5154.98 
 | Moy 2.0365565e+08 191585.13 | Div 0.58145299 0.72404762 | Val 0.87 1 | Pen 35727.625 0.7225 | Pop 27 17
It 13 | Sol 
5415.32 5872.35 6477.78 6125.72 6291.87 4892.71 6530.92 5887.59 5791.14 5327.75  | 
5851.97 6147.65 7013.29 6248.45 6381.13 5330.62 6997.86 5940.65 5885.05 5154.98 
 | Moy 1.8912169e+08 192263.36 | Div 0.60710623 0.72425926 | Val 0.86 1 | Pen 35727.625 0.7225 | Pop 28 18
It 14 | Sol 
5415.32 5872.35 6477.78 6125.72 6291.87 4892.71 6530.92 5887.59 5791.14 5327.75  | 
5851.97 6147.65 7013.29 6248.45 6381.13 5330.62 6997.86 5940.65 5885.05 5154.98 
 | Moy 1.5763129e+08 192263.36 | Div 0.67179487 0.72425926 | Val 0.85 1 | Pen 35727.625 0.7225 | Pop 29 19
It 15 | Sol 
5415.32 5872.35 6477.78 6125.72 6291.87 4892.71 6530.92 5887.59 5791.14 5327.75  | 
5851.97 6147.65 7013.29 6248.45 6381.13 5330.62 6997.86 5940.65 5885.05 5154.98 
 | Moy 1.4713488e+08 192828.62 | Div 0.67955556 0.72177778 | Val 0.84 1 | Pen 35727.625 0.7225 | Pop 30 20
It 16 | Sol 
5415.32 5872.35 6477.78 6125.72 6291.87 4892.71 6530.92 5887.59 5791.14 5327.75  | 
5851.97 6147.65 7013.29 6248.45 6381.13 5330.62 6997.86 5940.65 5885.05 5154.98 
 | Moy 1.4713488e+08 192828.62 | Div 0.67955556 0.72177778 | Val 0.83 1 | Pen 35727.625 0.7225 | Pop 30 21
It 17 | Sol 
5415.32 5872.35 6477.78 6125.72 6291.87 4892.71 6530.92 5887.59 5791.14 5327.75  | 
5851.97 6147.65 7013.29 6248.45 6381.13 5330.62 6997.86 5940.65 5885.05 5154.98 
 | Moy 1.4713488e+08 193426.45 | Div 0.67955556 0.71975758 | Val 0.82 1 | Pen 35727.625 0.7225 | Pop 30 22
It 18 | Sol 
5415.32 5872.35 6477.78 6125.72 6291.87 4892.71 6530.92 5887.59 5791.14 5327.75  | 
5851.97 6147.65 7013.29 6248.45 6381.13 5330.62 6997.86 5940.65 5885.05 5154.98 
 | Moy 1.1774423e+08 193426.45 | Div 0.70946032 0.71975758 | Val 0.81 1 | Pen 35727.625 0.7225 | Pop 31 23
It 19 | Sol 
5415.32 5872.35 6477.78 6125.72 6291.87 4892.71 6530.92 5887.59 5791.14 5327.75  | 
5851.97 6147.65 7013.29 6248.45 6381.13 5330.62 6997.86 5940.65 5885.05 5154.98 
 | Moy 1.1774423e+08 194440.59 | Div 0.70946032 0.72060606 | Val 0.8 1 | Pen 35727.625 0.7225 | Pop 31 24
It 20 | Sol 
5415.32 5872.35 6477.78 6125.72 6291.87 4892.71 6530.92 5887.59 5791.14 5327.75  | 
5415.32 5872.35 7673.71 6257.55 6291.87 4892.71 6332.07 5935.99 5791.14 6253.33 
 | Moy 1.1039655e+08 190148.05 | Div 0.71516667 0.77131313 | Val 0.79 1 | Pen 30368.481 0.614125 | Pop 32 25
It 21 | Sol 
5415.32 5872.35 6477.78 6125.72 6291.87 4892.71 6530.92 5887.59 5791.14 5327.75  | 
5415.32 5872.35 7673.71 6257.55 6291.87 4892.71 6332.07 5935.99 5791.14 6253.33 
 | Moy 1.1039655e+08 190697.45 | Div 0.71516667 0.77632479 | Val 0.78 1 | Pen 30368.481 0.614125 | Pop 32 26
It 22 | Sol 
5415.32 5872.35 6477.78 6125.72 6291.87 4892.71 6530.92 5887.59 5791.14 5327.75  | 
5415.32 5872.35 7673.71 6257.55 6291.87 4892.71 6332.07 5935.99 5791.14 6253.33 
 | Moy 82842913 190697.45 | Div 0.74761111 0.77632479 | Val 0.77 1 | Pen 30368.481 0.614125 | Pop 33 27
It 23 | Sol 
5415.32 5872.35 6477.78 6125.72 6291.87 4892.71 6530.92 5887.59 5791.14 5327.75  | 
5415.32 5872.35 7673.71 6257.55 6291.87 4892.71 6332.07 5935.99 5791.14 6253.33 
 | Moy 82842913 191187.06 | Div 0.74761111 0.7756044 | Val 0.76 1 | Pen 30368.481 0.614125 | Pop 33 28
It 24 | Sol 
5415.32 5872.35 6477.78 6125.72 6291.87 4892.71 6530.92 5887.59 5791.14 5327.75  | 
5415.32 5872.35 7673.71 6257.55 6291.87 4892.71 6332.07 5935.99 5791.14 6253.33 
 | Moy 82842913 191187.06 | Div 0.74761111 0.7756044 | Val 0.75 1 | Pen 30368.481 0.614125 | Pop 33 29
It 25 | Sol 
5415.32 5872.35 6477.78 6125.72 6291.87 4892.71 6530.92 5887.59 5791.14 5327.75  | 
5415.32 5872.35 7673.71 6257.55 6291.87 4892.71 6332.07 5935.99 5791.14 6253.33 
 | Moy 82842913 191620.54 | Div 0.74761111 0.77193651 | Val 0.74 1 | Pen 30368.481 0.614125 | Pop 33 30
It 26 | Sol 
5415.32 5872.35 6477.78 6125.72 6291.87 4892.71 6530.92 5887.59 5791.14 5327.75  | 
5415.32 5872.35 7673.71 6257.55 6291.87 4892.71 6332.07 5935.99 5791.14 6253.33 
 | Moy 82842913 191620.54 | Div 0.74761111 0.77193651 | Val 0.73 1 | Pen 30368.481 0.614125 | Pop 33 31
It 27 | Sol 
5415.32 5872.35 6477.78 6125.72 6291.87 4892.71 6530.92 5887.59 5791.14 5327.75  | 
5415.32 5872.35 7673.71 6257.55 6291.87 4892.71 6332.07 5935.99 5791.14 6253.33 
 | Moy 77980450 192002.83 | Div 0.7479902 0.76861111 | Val 0.72 1 | Pen 30368.481 0.614125 | Pop 34 32
It 28 | Sol 
5415.32 5872.35 6477.78 6125.72 6291.87 4892.71 6530.92 5887.59 5791.14 5327.75  | 
5415.32 5872.35 7673.71 6257.55 6291.87 4892.71 6332.07 5935.99 5791.14 6253.33 
 | Moy 52047298 192002.83 | Div 0.75651961 0.76861111 | Val 0.71 1 | Pen 30368.481 0.614125 | Pop 35 33
It 29 | Sol 
5415.32 5872.35 6477.78 6125.72 6291.87 4892.71 6530.92 5887.59 5791.14 5327.75  | 
5415.32 5872.35 7673.71 6257.55 6291.87 4892.71 6332.07 5935.99 5791.14 6253.33 
 | Moy 49165761 192350.66 | Div 0.75455338 0.76328431 | Val 0.7 1 | Pen 30368.481 0.614125 | Pop 36 34
It 30 | Sol 
5415.32 5872.35 6477.78 6125.72 6291.87 4892.71 6530.92 5887.59 5791.14 5327.75  | 
5415.32 5872.35 7673.71 6257.55 6291.87 4892.71 6332.07 5935.99 5791.14 6253.33 
 | Moy 24673348 187890.51 | Div 0.75525054 0.79127451 | Val 0.69 1 | Pen 25813.209 0.52200625 | Pop 37 35
It 31 | Sol 
5415.32 5872.35 6477.78 6125.72 6291.87 4892.71 6530.92 5887.59 5791.14 5327.75  | 
5415.32 5872.35 7673.71 6257.55 6291.87 4892.71 6332.07 5935.99 5791.14 6253.33 
 | Moy 24673348 188278.76 | Div 0.75525054 0.78906318 | Val 0.68 1 | Pen 25813.209 0.52200625 | Pop 37 36
