Initializing ThreadPool with 8 threads...
18
./irp
nb_scenarios_: 15
path: Data/Small/Istanze0105h3/0.dat
isstockout 1
read file done
0
path: Data/Small/Istanze0105h3/0.dat
isstockout 1
read file done
0
path: Data/Small/Istanze0105h3/0.dat
isstockout 1
read file done
0
path: Data/Small/Istanze0105h3/0.dat
isstockout 1
read file done
0
path: Data/Small/Istanze0105h3/0.dat
isstockout 1
read file done
0
path: Data/Small/Istanze0105h3/0.dat
isstockout 1
read file done
0
path: Data/Small/Istanze0105h3/0.dat
isstockout 1
read file done
0
path: Data/Small/Istanze0105h3/0.dat
isstockout 1
read file done
0
path: Data/Small/Istanze0105h3/0.dat
isstockout 1
read file done
0
path: Data/Small/Istanze0105h3/0.dat
isstockout 1
read file done
0
path: Data/Small/Istanze0105h3/0.dat
isstockout 1
read file done
0
path: Data/Small/Istanze0105h3/0.dat
isstockout 1
read file done
0
path: Data/Small/Istanze0105h3/0.dat
isstockout 1
read file done
0
path: Data/Small/Istanze0105h3/0.dat
isstockout 1
read file done
0
path: Data/Small/Istanze0105h3/0.dat
isstockout 1
read file done
0
path: Data/Small/Istanze0105h3/0.dat
isstockout 1
read file done
0
已为所有场景设置客户需求矩阵
init population
new Individu
education
updateNbValides
addIndividu
new Individu
education
updateNbValides
addIndividu
new Individu
education
updateNbValides
addIndividu
new Individu
education
updateNbValides
addIndividu
new Individu
education
updateNbValides
addIndividu
new Individu
education
updateNbValides
addIndividu
new Individu
education
updateNbValides
addIndividu
new Individu
education
updateNbValides
addIndividu
new Individu
education
updateNbValides
addIndividu
new Individu
education
updateNbValides
addIndividu
new Individu
education
updateNbValides
addIndividu
new Individu
education
updateNbValides
addIndividu
new Individu
education
updateNbValides
addIndividu
new Individu
education
updateNbValides
addIndividu
new Individu
education
updateNbValides
addIndividu
new Individu
education
updateNbValides
addIndividu
new Individu
education
updateNbValides
addIndividu
new Individu
education
updateNbValides
addIndividu
new Individu
education
updateNbValides
addIndividu
new Individu
education
updateNbValides
addIndividu
new Individu
education
updateNbValides
addIndividu
new Individu
education
updateNbValides
addIndividu
new Individu
education
updateNbValides
addIndividu
new Individu
education
updateNbValides
addIndividu
create population
create solver
Solver is running...
It 0 | Sol 
NO-VALID  | 
6080.91 6338.42 6477.11 6621.13 6000.86 6218 6100.14 6261.56 6342.55 6111.29 
 | Moy -nan 105869.29 | Div -nan 0.12888889 | Val 0.99 1 | Pen 42032.5 0.85 | Pop 0 25
It 1 | Sol 
NO-VALID  | 
6080.91 6338.42 6477.11 6621.13 6000.86 6218 6100.14 6261.56 6342.55 6111.29 
 | Moy -nan 105952.21 | Div -nan 0.11897436 | Val 0.98 1 | Pen 42032.5 0.85 | Pop 0 26
It 2 | Sol 
6080.91 5778.8 6317.83 6732.38 6000.86 5222.43 6754.27 6218.88 5975.58 5486.22  | 
6080.91 6338.42 6477.11 6621.13 6000.86 6218 6100.14 6261.56 6342.55 6111.29 
 | Moy -nan 105952.21 | Div -nan 0.11897436 | Val 0.97 1 | Pen 42032.5 0.85 | Pop 1 27
It 3 | Sol 
6080.91 5778.8 6317.83 6732.38 6000.86 5222.43 6754.27 6218.88 5975.58 5486.22  | 
6080.91 6338.42 6477.11 6621.13 6000.86 6218 6100.14 6261.56 6342.55 6111.29 
 | Moy -nan 106023.28 | Div -nan 0.11047619 | Val 0.96 1 | Pen 42032.5 0.85 | Pop 1 28
It 4 | Sol 
6080.91 5778.8 6317.83 6732.38 6000.86 5222.43 6754.27 6218.88 5975.58 5486.22  | 
6080.91 6338.42 6477.11 6621.13 6000.86 6218 6100.14 6261.56 6342.55 6111.29 
 | Moy -nan 106023.28 | Div -nan 0.11047619 | Val 0.95 1 | Pen 42032.5 0.85 | Pop 1 29
It 5 | Sol 
6080.91 5778.8 6317.83 6732.38 6000.86 5222.43 6754.27 6218.88 5975.58 5486.22  | 
6080.91 6338.42 6477.11 6621.13 6000.86 6218 6100.14 6261.56 6342.55 6111.29 
 | Moy -nan 106084.88 | Div -nan 0.10311111 | Val 0.94 1 | Pen 42032.5 0.85 | Pop 1 30
It 6 | Sol 
6080.91 5778.8 6317.83 6400.03 6000.86 5316.29 6754.27 6261.56 5684.74 5617  | 
6080.91 6338.42 6477.11 6621.13 6000.86 6218 6100.14 6261.56 6342.55 6111.29 
 | Moy 91477.713 106084.88 | Div -nan 0.10311111 | Val 0.93 1 | Pen 42032.5 0.85 | Pop 2 31
It 7 | Sol 
6080.91 5778.8 6317.83 6400.03 6000.86 5316.29 6754.27 6261.56 5684.74 5617  | 
6080.91 6338.42 6477.11 6621.13 6000.86 6218 6100.14 6261.56 6342.55 6111.29 
 | Moy 91477.713 106138.78 | Div -nan 0.096666667 | Val 0.92 1 | Pen 42032.5 0.85 | Pop 2 32
It 8 | Sol 
5397.82 5778.8 6317.83 6621.13 6000.86 5222.43 6298.99 5466.58 5975.58 5486.22  | 
6080.91 6338.42 6477.11 6621.13 6000.86 6218 6100.14 6261.56 6342.55 6111.29 
 | Moy 91261.292 106138.78 | Div -nan 0.096666667 | Val 0.91 1 | Pen 42032.5 0.85 | Pop 3 33
It 9 | Sol 
5397.82 5778.8 6317.83 6621.13 6000.86 5222.43 6298.99 5466.58 5975.58 5486.22  | 
6080.91 6338.42 6477.11 6621.13 6000.86 6218 6100.14 6261.56 6342.55 6111.29 
 | Moy 91369.503 106186.33 | Div 0.62666667 0.090980392 | Val 0.9 1 | Pen 42032.5 0.85 | Pop 4 34
It 10 | Sol 
5397.82 5778.8 6317.83 6621.13 6000.86 5222.43 6298.99 5466.58 5975.58 5486.22  | 
6154.72 5778.8 6355.17 6268.06 6000.86 5316.29 6298.99 6139.97 6481.77 5501.54 
 | Moy 91369.503 98657.773 | Div 0.62666667 0.6027451 | Val 0.89 1 | Pen 35727.625 0.7225 | Pop 5 35
It 11 | Sol 
5397.82 5778.8 6317.83 6621.13 6000.86 5222.43 6298.99 5466.58 5975.58 5486.22  | 
6154.72 5778.8 6355.17 6268.06 6000.86 5316.29 6298.99 6139.97 6481.77 5501.54 
 | Moy 91369.503 99118.298 | Div 0.62666667 0.58501089 | Val 0.88 1 | Pen 35727.625 0.7225 | Pop 5 36
It 12 | Sol 
5397.82 5778.8 6317.83 6621.13 6000.86 5222.43 6298.99 5466.58 5975.58 5486.22  | 
6154.72 5778.8 6355.17 6268.06 6000.86 5316.29 6298.99 6139.97 6481.77 5501.54 
 | Moy 91369.503 99118.298 | Div 0.62666667 0.58501089 | Val 0.87 1 | Pen 35727.625 0.7225 | Pop 5 37
