2.60733 127982
5.22125 127943
7.86283 127925
10.5263 127925
13.2077 127925
15.8783 127925
18.5488 127925
21.2162 127925
23.8906 127925
26.5523 127925
29.2113 127912
31.8882 127885
34.4897 127885
37.1429 127885
39.8019 127885
42.4654 127885
45.1025 127885
47.7419 127885
50.3378 127885
52.9867 127885
55.6377 127885
58.3011 127885
60.8999 127885
63.541 127885
66.1521 127885
68.7975 127885
71.3888 127885
74.0299 127885
76.6331 127885
79.2857 127885
81.9427 127885
84.6087 127885
87.2764 127885
89.9361 127885
92.5912 127885
95.2542 127885
97.9552 127885
100.621 127885
103.323 127885
106.029 127885
108.727 127885
111.436 127885
114.088 127885
116.739 127885
119.388 127885
122.056 127885
124.766 127885
127.43 127885
130.132 127885
132.837 127885
135.519 127885
138.175 127885
140.785 127885
143.446 127885
146.052 127885
148.764 127885
151.421 127885
154.135 127885
156.8 127885
159.496 127885
162.205 127885
164.906 127885
167.612 127885
170.292 127885
172.971 127885
175.683 127885
178.392 127885
181.057 127878
183.758 127878
186.465 127878
189.159 127878
191.841 127878
194.497 127878
197.17 127878
199.826 127878
202.485 127878
205.097 127878
207.746 127878
210.397 127878
213.026 127878
215.623 127878
218.274 127878
220.98 127878
223.635 127878
226.321 127878
228.98 127878
231.628 127878
234.284 127878
236.935 127878
239.584 127878
242.239 127878
244.84 127878
247.475 127878
250.077 127878
252.729 127878
255.383 127878
258.025 127878
260.67 127878
263.327 127878
265.968 127878
