0.599339 127982
1.20097 127943
1.79853 127925
2.39836 127925
2.99608 127925
3.59385 127925
4.1893 127925
4.78916 127925
5.38793 127925
5.98399 127925
6.58022 127912
7.17776 127885
7.77855 127885
8.37695 127885
8.97454 127885
9.57517 127885
10.1743 127885
10.7715 127885
11.376 127885
11.9775 127885
12.5759 127885
13.1799 127885
13.7847 127885
14.3882 127885
15.0065 127885
15.6101 127885
16.2137 127885
16.8103 127885
17.4123 127885
18.0141 127885
18.6099 127885
19.2056 127885
19.8025 127885
20.4031 127885
21.0041 127885
21.6025 127885
22.21 127885
22.8194 127885
23.4268 127885
24.0359 127885
24.6437 127885
25.2435 127885
25.8406 127885
26.4508 127885
27.06 127885
27.6692 127885
28.2763 127885
28.8747 127885
29.4747 127885
30.0745 127885
30.6744 127885
31.2734 127885
31.8728 127885
32.4706 127885
33.0718 127885
33.6711 127885
34.2709 127885
34.8686 127885
35.4661 127885
36.0626 127885
36.6611 127885
37.2605 127885
37.8583 127885
38.4606 127885
39.0618 127885
39.6616 127885
40.2614 127885
40.8703 127878
41.4774 127878
42.0851 127878
42.6936 127878
43.2936 127878
43.8941 127878
44.4945 127878
45.0947 127878
45.7027 127878
46.3043 127878
46.9091 127878
47.5201 127878
48.1219 127878
48.7309 127878
49.3288 127878
49.9298 127878
50.529 127878
51.1294 127878
51.7265 127878
52.3254 127878
52.9265 127878
53.5249 127878
54.1256 127878
54.7317 127878
55.3326 127878
55.9348 127878
56.5342 127878
57.1315 127878
57.7334 127878
58.332 127878
58.9328 127878
59.5312 127878
60.131 127878
