0.0406712 127982
0.0787774 127943
0.117373 127925
0.156023 127925
0.194555 127925
0.232938 127925
0.271535 127925
0.309796 127925
0.3484 127925
0.386668 127925
0.424763 127912
0.463331 127885
0.502034 127885
0.540084 127885
0.578557 127885
0.617015 127885
0.655541 127885
0.693716 127885
0.731922 127885
0.770276 127885
0.809065 127885
0.847438 127885
0.88607 127885
0.924475 127885
0.962939 127885
1.00148 127885
1.04035 127885
1.07882 127885
1.11707 127885
1.15553 127885
1.19384 127885
1.23239 127885
1.2709 127885
1.30909 127885
1.34747 127885
1.38597 127885
1.42448 127885
1.46293 127885
1.50137 127885
1.53999 127885
1.5785 127885
1.61707 127885
1.65586 127885
1.6946 127885
1.73292 127885
1.77126 127885
1.80961 127885
1.84803 127885
1.8866 127885
1.92504 127885
1.96356 127885
2.00226 127885
2.04088 127885
2.07913 127885
2.11778 127885
2.15635 127885
2.1946 127885
2.233 127885
2.2711 127885
2.30986 127885
2.34844 127885
2.38693 127885
2.42503 127885
2.46374 127885
2.50221 127885
2.54064 127885
2.57909 127885
2.61767 127878
2.656 127878
2.69408 127878
2.73286 127878
2.77108 127878
2.80947 127878
2.84743 127878
2.8858 127878
2.92475 127878
2.96316 127878
3.00161 127878
3.04004 127878
3.0785 127878
3.11723 127878
3.15581 127878
3.19388 127878
3.23238 127878
3.2707 127878
3.30909 127878
3.34766 127878
3.38627 127878
3.42475 127878
3.46328 127878
3.50168 127878
3.54023 127878
3.5784 127878
3.61681 127878
3.65536 127878
3.69356 127878
3.73193 127878
3.77037 127878
3.80872 127878
3.84702 127878
3.88531 127878
3.92367 127878
3.96213 127878
4.00055 127878
4.03901 127878
4.07718 127878
4.11563 127878
4.15375 127878
4.19248 127878
4.23118 127876
4.26974 127876
4.30794 127876
4.34634 127876
4.38476 127876
4.4236 127876
4.46191 127876
4.50016 127876
4.53857 127876
4.57732 127876
4.61587 127876
4.65455 127876
4.69291 127876
4.73142 127876
4.76967 127876
4.80792 127876
4.84656 127876
4.88507 127876
4.92358 127876
4.96211 127876
5.00056 127876
5.03923 127876
5.07791 127876
5.11616 127876
5.15483 127876
5.19313 127876
5.23154 127876
5.26985 127876
5.30821 127876
5.34648 127876
5.38483 127876
5.4231 127876
5.46153 127876
5.4998 127876
5.53841 127876
5.5768 127876
5.61538 127876
5.65355 127876
5.69204 127876
5.73029 127876
5.76908 127876
5.80734 127876
5.84554 127876
5.88394 127876
5.92235 127876
5.96062 127876
5.99909 127876
6.03768 127876
6.07633 127876
6.1149 127876
6.15344 127876
6.1916 127876
6.23005 127876
6.26858 127876
6.3072 127876
6.34615 127876
6.38471 127876
6.42285 127876
6.46141 127876
6.49994 127876
6.53834 127876
6.57689 127876
6.61554 127876
6.65409 127876
6.69257 127876
6.73112 127876
6.76946 127876
6.80836 127876
6.84688 127876
6.88528 127876
6.92352 127876
6.96214 127876
7.00055 127876
7.03912 127876
7.07757 127876
7.11613 127876
7.15477 127876
7.19305 127876
7.23161 127869
7.27012 127869
7.30845 127869
7.34673 127869
7.38505 127869
7.42377 127869
7.46215 127869
7.5005 127869
7.53882 127869
7.57758 127869
7.61618 127869
7.65446 127869
7.69335 127869
7.73159 127869
7.76999 127869
7.80828 127869
7.84687 127869
7.88482 127869
7.92323 127869
7.96147 127869
7.99996 127869
8.03877 127869
8.07693 127869
8.1156 127869
8.15423 127869
8.1926 127869
8.23088 127869
8.2692 127869
8.30791 127869
8.3465 127869
8.38498 127869
8.42337 127869
8.46195 127869
8.5005 127869
8.53878 127869
8.57688 127869
8.6155 127869
8.65368 127869
8.692 127869
8.73003 127869
8.76865 127869
8.80671 127869
8.84517 127869
8.88357 127869
8.92206 127869
8.96025 127869
8.99843 127869
9.0369 127869
9.0757 127869
9.11419 127869
9.15254 127869
9.191 127869
9.22988 127869
9.26811 127869
9.30674 127869
9.34537 127869
9.38359 127869
9.42208 127869
9.46063 127869
9.49917 127869
9.53745 127869
9.57573 127869
9.61441 127869
9.65316 127869
9.69178 127869
9.73041 127869
9.76872 127869
9.80734 127869
9.84577 127869
9.88423 127869
9.92268 127869
9.96115 127869
9.99955 127869
10.0379 127869
10.0763 127869
10.115 127869
10.1538 127869
10.1922 127869
10.2307 127869
10.2691 127869
10.3074 127869
10.3457 127869
10.384 127869
10.4225 127869
10.461 127869
10.4993 127869
10.5377 127869
10.5761 127869
10.6146 127869
10.6531 127869
10.6914 127869
10.7299 127869
10.7684 127869
10.8067 127869
10.8454 127869
10.8838 127869
10.9223 127869
10.9605 127869
10.9992 127869
11.0375 127869
11.0757 127869
11.1141 127869
11.1529 127869
11.1914 127869
11.2301 127869
11.2684 127869
11.3066 127869
11.345 127869
11.3835 127869
11.4219 127869
11.4604 127869
11.4991 127869
11.5376 127869
11.5757 127869
11.6141 127869
11.6525 127869
11.6911 127869
11.7298 127869
11.7685 127869
11.8069 127869
11.8454 127869
11.8839 127869
11.9223 127869
11.9607 127869
11.999 127869
12.0371 127869
12.0758 127869
12.1139 127869
12.1525 127869
12.1914 127869
12.23 127869
12.2683 127869
12.3067 127869
12.345 127869
12.3835 127869
12.422 127869
12.4603 127869
12.499 127869
12.5372 127869
12.5755 127869
12.614 127869
12.6524 127869
12.6907 127869
12.7292 127869
12.7674 127869
12.8061 127869
12.8449 127869
12.8834 127869
12.922 127869
12.9606 127869
12.9991 127869
13.0375 127869
13.076 127869
13.1144 127869
13.1527 127869
13.1912 127869
13.2292 127869
13.2678 127869
13.3061 127869
13.3446 127869
13.383 127869
13.4214 127869
13.4599 127869
13.4984 127869
13.5365 127869
13.5751 127869
13.6136 127869
13.6519 127869
13.6903 127869
13.7292 127869
13.7677 127869
13.8063 127869
13.8448 127869
13.8834 127869
13.9216 127869
13.9605 127869
13.9992 127869
14.0377 127869
14.0758 127869
14.1141 127869
14.1526 127869
14.1908 127869
14.2292 127869
14.2677 127869
14.3063 127869
14.3446 127869
14.3831 127869
14.4214 127869
14.4602 127869
14.4986 127869
14.5368 127869
14.5751 127869
14.6137 127869
14.6525 127869
14.6911 127869
14.7297 127869
14.7684 127869
14.8066 127869
14.8451 127869
14.8835 127869
14.9226 127869
14.9607 127869
14.9992 127869
15.0378 127869
15.0763 127869
15.1146 127869
15.1532 127869
15.1916 127869
15.23 127869
15.2686 127869
15.307 127869
15.3451 127869
15.384 127869
15.4225 127869
15.4608 127869
15.4994 127869
15.5376 127869
15.5756 127869
15.6139 127869
15.6522 127869
15.6907 127869
15.7289 127869
15.7675 127869
15.8058 127869
15.8443 127869
15.8826 127869
15.9211 127869
15.9598 127869
15.9983 127869
16.0364 127869
16.0745 127869
16.113 127869
16.1514 127869
16.1897 127869
16.2284 127869
16.2673 127869
16.3058 127869
16.3442 127869
16.3827 127869
16.4209 127869
16.4592 127869
16.4975 127869
16.5359 127869
16.5743 127869
16.6128 127869
16.6513 127869
16.6899 127869
16.7285 127869
16.767 127869
16.8054 127869
16.8435 127869
16.8821 127869
16.9207 127869
16.959 127869
16.9974 127869
17.036 127869
17.0743 127869
17.1129 127869
17.1513 127869
17.1897 127869
17.2281 127869
17.2665 127869
17.3052 127869
17.3434 127869
17.3819 127869
17.4205 127869
17.4592 127869
17.4976 127869
17.536 127869
17.5746 127869
17.6134 127869
17.6518 127869
17.6906 127869
17.7288 127869
17.7675 127869
17.8058 127869
17.8441 127869
17.8825 127869
17.921 127869
17.9591 127869
17.9977 127869
18.0365 127869
18.0752 127869
18.1138 127869
18.1521 127869
18.1905 127869
18.2292 127869
18.2677 127869
18.3062 127869
18.3448 127869
18.3835 127869
18.4218 127869
18.4601 127869
18.4989 127869
18.5373 127869
18.5759 127869
18.6143 127869
18.6529 127869
18.6917 127869
18.7304 127869
18.7686 127869
18.8069 127869
18.8455 127869
18.884 127869
18.9224 127869
18.961 127869
18.9998 127869
19.0386 127869
19.0767 127869
19.1155 127869
19.1539 127869
19.1921 127869
19.2305 127869
19.2691 127869
19.3076 127869
19.3462 127869
19.3846 127869
19.4232 127869
19.4615 127869
19.4999 127869
19.5383 127869
19.5772 127869
19.6156 127869
19.6543 127869
19.6929 127869
19.7318 127869
19.7702 127869
19.8087 127869
19.847 127869
19.8857 127869
19.9243 127869
19.9628 127869
20.0011 127869
20.0397 127869
20.0785 127869
20.1168 127869
20.1555 127869
20.1941 127869
20.2326 127869
20.271 127869
20.3094 127869
20.3478 127869
20.3863 127869
20.4248 127869
20.4634 127869
20.5021 127869
20.5403 127869
20.5789 127869
20.617 127869
20.6555 127869
20.6937 127869
20.7319 127869
20.7703 127869
20.8087 127869
20.8472 127869
20.8859 127869
20.9243 127869
20.9626 127869
21.0012 127869
21.0395 127869
21.0782 127869
21.1167 127869
21.1549 127869
21.193 127869
21.2318 127869
21.2703 127869
21.3085 127869
21.3467 127869
21.3854 127869
21.4238 127869
21.4626 127869
21.5011 127869
21.5395 127869
21.5778 127869
21.616 127869
21.6546 127869
21.6928 127869
21.7312 127869
21.7697 127869
21.8081 127869
21.8466 127869
21.8851 127869
21.9236 127869
21.9621 127869
22.0008 127869
22.0394 127869
22.0777 127869
22.1162 127869
22.1545 127869
22.193 127869
22.2314 127869
22.2701 127869
22.3087 127869
22.3471 127869
22.3858 127869
22.4241 127869
22.4627 127869
22.5012 127869
22.5394 127869
22.5779 127869
22.6163 127869
22.6547 127869
22.6932 127869
22.7318 127869
22.7704 127869
22.809 127869
22.8473 127869
22.886 127869
22.9245 127869
22.9627 127869
23.001 127869
23.04 127869
23.0783 127869
23.1167 127812
23.1551 127809
23.1937 127780
23.2321 127752
23.2705 127752
23.3088 127752
23.3473 127752
23.3859 127752
23.4244 127752
23.4628 127752
23.5013 127752
23.5398 127752
23.5778 127752
23.6161 127747
23.6547 127747
23.6931 127747
23.7317 127747
23.7701 127747
23.8088 127747
23.8472 127747
23.8857 127747
23.9241 127747
23.963 127747
24.0015 127747
24.0399 127747
24.0786 127747
24.1172 127747
24.1559 127747
24.1943 127747
24.2329 127747
24.2716 127747
24.31 127747
24.3483 127747
24.387 127747
24.4254 127747
24.4638 127747
24.5024 127747
24.541 127746
24.5798 127746
24.6183 127746
24.6569 127746
24.6953 127746
24.7334 127746
24.772 127746
24.8107 127746
24.8494 127746
24.8882 127746
24.9266 127746
24.965 127746
25.0034 127746
25.0421 127746
25.0805 127746
25.1187 127746
25.1575 127746
25.1959 127746
25.2346 127746
25.2729 127746
25.3112 127746
25.3499 127746
25.3883 127746
25.4268 127746
25.4654 127746
25.5039 127746
25.5422 127746
25.581 127746
25.6191 127746
25.6576 127746
25.696 127746
25.7341 127746
25.7725 127746
25.8112 127746
25.8496 127746
25.8882 127746
25.9266 127746
25.9651 127746
26.0036 127746
26.0424 127746
26.0809 127746
26.1193 127746
26.1575 127746
26.1961 127746
26.2346 127746
26.2729 127746
26.3112 127746
26.3497 127746
26.388 127746
26.4268 127746
26.4652 127746
26.5035 127746
26.542 127746
26.5804 127746
26.6189 127746
26.6574 127746
26.6958 127746
26.7342 127746
26.7724 127746
26.8107 127746
26.849 127746
26.8874 127746
26.9259 127746
26.9643 127746
27.0025 127746
27.041 127746
27.0797 127746
27.118 127746
27.1565 127746
27.1949 127746
27.2334 127746
27.2718 127746
27.31 127746
27.3487 127746
27.3874 127746
27.4257 127746
27.4642 127746
27.5028 127746
27.5412 127746
27.5796 127746
27.6183 127746
27.6567 127746
27.6953 127746
27.7337 127746
27.7724 127746
27.8107 127746
27.8493 127746
27.8877 127746
27.926 127746
27.9645 127746
28.0031 127746
28.0415 127746
28.0798 127746
28.1182 127746
28.1567 127746
28.1951 127746
28.2334 127746
28.2717 127746
28.3101 127746
28.3485 127746
28.3868 127746
28.4253 127746
28.4635 127746
28.5018 127746
28.5402 127746
28.5789 127746
28.6178 127746
28.6563 127746
28.6944 127746
28.7328 127746
28.771 127746
28.8094 127746
28.8476 127746
28.886 127746
28.9244 127746
28.9629 127746
29.0014 127746
29.04 127746
29.0786 127746
29.1171 127746
29.1556 127746
29.194 127746
29.2324 127746
29.2708 127746
29.3093 127746
29.3476 127746
29.3859 127746
29.4245 127746
29.4628 127746
29.5015 127746
29.5402 127746
29.5784 127746
29.6172 127746
29.6557 127746
29.6943 127746
29.733 127746
29.7717 127746
29.8102 127746
29.8487 127746
29.8872 127746
29.9259 127746
29.9641 127746
30.0026 127746
30.0412 127746
30.08 127746
30.1184 127746
30.1565 127746
30.1952 127746
30.2338 127746
30.2721 127746
30.3105 127746
30.3487 127746
30.3872 127746
30.4257 127746
30.4642 127746
30.5027 127746
30.5415 127746
30.5799 127746
30.6182 127746
30.6569 127746
30.6955 127746
30.7339 127746
30.7721 127746
30.8108 127746
30.8495 127746
30.8877 127746
30.9263 127746
30.9646 127746
31.003 127746
31.0415 127746
31.0798 127746
31.1183 127746
31.1569 127746
31.1952 127746
31.234 127746
31.2727 127746
31.311 127746
31.3495 127746
31.3878 127746
31.4263 127746
31.465 127746
31.5033 127746
31.5417 127746
31.5803 127746
31.6188 127746
31.6573 127746
31.6956 127746
31.7343 127746
31.7725 127746
31.8109 127746
31.8495 127746
31.888 127746
31.9267 127746
31.9652 127746
32.0036 127746
32.0421 127746
32.0807 127746
32.1191 127746
32.1579 127746
32.1963 127746
32.2347 127746
32.273 127746
32.3113 127746
32.35 127746
32.3886 127746
32.4269 127746
32.4657 127746
32.5039 127746
32.5425 127746
32.5811 127746
32.6199 127746
32.6583 127746
32.6968 127746
32.7354 127746
32.774 127746
32.8124 127746
32.8511 127746
32.8895 127746
32.9282 127746
32.9668 127746
33.0052 127746
33.0435 127746
33.0822 127746
33.1207 127746
33.1592 127746
33.1977 127746
33.2361 127746
33.2742 127746
33.3124 127746
33.3507 127746
33.3891 127746
33.4273 127746
33.4659 127746
33.5044 127746
33.5427 127746
33.581 127746
33.6194 127746
33.658 127746
33.6962 127746
33.7346 127746
33.7728 127746
33.8114 127746
33.8497 127746
33.8878 127746
33.9264 127746
33.9651 127746
34.0036 127746
34.0419 127746
34.0803 127746
34.1192 127746
34.1573 127746
34.1958 127746
34.2344 127746
34.2733 127746
34.312 127746
34.3502 127746
34.3883 127746
34.4269 127746
34.4651 127746
34.5036 127746
34.5422 127746
34.5809 127746
34.6194 127746
34.6576 127746
34.6959 127746
34.7346 127746
34.7731 127746
34.8117 127746
34.8504 127746
34.889 127746
34.9272 127746
34.9653 127746
35.004 127746
35.0423 127746
35.0806 127746
35.1192 127746
35.1578 127746
35.1965 127746
35.2347 127746
35.2732 127746
35.3123 127746
35.3509 127746
35.3891 127746
35.4275 127746
35.4661 127746
35.5046 127746
35.543 127746
35.5815 127746
35.6198 127746
35.6582 127746
35.6964 127746
35.7347 127746
35.773 127746
35.8113 127746
35.8499 127746
35.8883 127746
35.9268 127746
35.9652 127746
36.0036 127746
36.042 127746
36.0808 127746
36.1192 127746
36.1576 127746
36.196 127746
36.2346 127746
36.2727 127746
36.3113 127746
36.3498 127746
36.388 127746
36.4264 127746
36.4649 127746
36.5033 127746
36.5417 127746
36.5804 127746
36.6186 127746
36.6574 127746
36.6962 127746
36.7347 127746
36.7733 127746
36.8119 127746
36.8509 127746
36.8894 127746
36.9278 127746
36.9665 127746
37.0049 127746
37.0433 127746
37.0816 127746
37.1203 127746
37.1588 127746
37.197 127746
37.2358 127746
37.2743 127746
37.3129 127746
37.3516 127746
37.3901 127746
37.4287 127746
37.4671 127746
37.5055 127746
37.5439 127746
37.5826 127746
37.6211 127746
37.6596 127746
37.6985 127746
37.7372 127746
37.7755 127746
37.814 127746
37.8525 127746
37.8909 127746
37.9293 127746
37.9677 127746
38.0066 127746
38.0451 127746
38.0833 127746
38.1218 127746
38.16 127746
38.1983 127746
38.237 127746
38.2753 127746
38.3141 127746
38.3525 127746
38.3911 127746
38.4297 127746
38.4684 127746
38.507 127746
38.5452 127746
38.5836 127746
38.6224 127746
38.661 127746
38.6994 127746
38.7378 127746
38.7765 127746
38.8152 127746
38.8533 127746
38.8918 127746
38.931 127746
38.9692 127746
39.0075 127746
39.0456 127746
39.0844 127746
39.1225 127746
39.1608 127746
39.1995 127746
39.2379 127746
39.2764 127746
39.3146 127746
39.353 127746
39.3917 127746
39.4302 127746
39.469 127746
39.5078 127746
39.5463 127746
39.5847 127746
39.623 127746
39.6615 127746
39.7003 127746
39.7386 127746
39.7769 127746
39.8156 127746
39.8541 127746
39.8927 127746
39.9308 127746
39.9696 127746
40.0076 127746
40.0461 127746
40.0845 127746
40.1231 127746
40.1618 127746
40.2002 127746
40.2386 127746
40.2772 127746
40.3157 127746
40.3542 127746
40.3923 127746
40.4308 127746
40.4692 127746
40.5077 127746
40.5461 127746
40.5846 127746
40.6227 127746
40.6613 127746
40.7002 127746
40.7387 127746
40.7772 127746
40.8156 127746
40.8539 127746
40.8926 127746
40.9311 127746
40.9696 127746
41.0086 127746
41.0469 127746
41.0854 127746
41.1239 127746
41.1623 127746
41.2008 127746
41.2388 127746
41.2773 127746
41.3161 127746
41.3546 127746
41.3934 127746
41.4319 127746
41.4707 127746
41.5092 127746
41.5476 127746
41.586 127746
41.6248 127746
41.6632 127746
41.7014 127746
41.7399 127746
41.7785 127746
41.8169 127746
41.8553 127746
41.8936 127746
41.9317 127746
41.9701 127746
42.0085 127746
42.047 127746
42.0859 127746
42.1245 127746
42.1628 127746
42.2013 127746
42.2398 127746
42.2783 127746
42.317 127746
42.3559 127746
42.3942 127746
42.4326 127746
42.4712 127746
42.5099 127746
42.5485 127746
42.5867 127746
42.6251 127746
42.6636 127746
42.7023 127746
42.7409 127746
42.7792 127746
42.8176 127746
42.8559 127746
42.8944 127746
42.933 127746
42.9714 127746
43.0096 127746
43.0479 127746
43.0861 127746
43.1244 127746
43.1627 127746
43.2011 127746
43.2391 127746
43.2775 127746
43.3158 127746
43.354 127746
43.3923 127746
43.4308 127746
43.4694 127746
43.5079 127746
43.5466 127746
43.585 127746
43.6232 127746
43.6617 127746
43.7002 127746
43.7389 127746
43.7772 127746
43.8157 127746
43.8543 127746
43.8927 127746
43.9312 127746
43.9694 127746
44.0081 127746
44.0467 127746
44.0847 127746
44.1234 127746
44.1617 127746
44.2004 127746
44.2386 127746
44.277 127746
44.3157 127746
44.3542 127746
44.3926 127746
44.4311 127746
44.4699 127746
44.5086 127746
44.5471 127746
44.5856 127746
44.6245 127746
44.6627 127746
44.7013 127746
44.7402 127746
44.7788 127746
44.8172 127746
44.8556 127746
44.8942 127746
44.9329 127746
44.9711 127746
45.0095 127746
45.0479 127746
45.0863 127746
45.1245 127746
45.1633 127746
45.2017 127746
45.24 127746
45.2785 127746
45.3169 127746
45.3554 127746
45.3938 127746
45.4321 127746
45.4702 127746
45.5086 127746
45.5469 127746
45.5854 127746
45.6236 127746
45.6622 127746
45.7006 127746
45.7394 127746
45.7781 127746
45.8165 127746
45.855 127746
45.8937 127746
45.9321 127746
45.9707 127746
46.0091 127746
46.0477 127746
46.0865 127746
46.1249 127746
46.1632 127746
46.2016 127746
46.24 127746
46.2783 127746
46.3168 127746
46.3553 127746
46.394 127746
46.4324 127746
46.4709 127746
46.5095 127746
46.5477 127746
46.5862 127746
46.6246 127746
46.6629 127746
46.7014 127746
46.7399 127746
46.7786 127746
46.817 127746
46.8556 127746
46.894 127746
46.9322 127746
46.9706 127746
47.0089 127746
47.047 127746
47.0854 127746
47.124 127746
47.1625 127746
47.2009 127746
47.2394 127746
47.2782 127746
47.3165 127746
47.355 127746
47.3933 127746
47.4321 127746
47.4707 127746
47.5092 127746
47.5478 127746
47.5862 127746
47.6244 127746
47.6627 127746
47.701 127746
47.7396 127746
47.778 127746
47.8163 127746
47.855 127746
47.8934 127746
47.9319 127746
47.9707 127746
48.0092 127746
48.0473 127746
48.0857 127746
48.1241 127746
48.1624 127746
48.2013 127746
48.2398 127746
48.2784 127746
48.3171 127746
48.3557 127746
48.3939 127746
48.4327 127746
48.4711 127746
48.5093 127746
48.5475 127746
48.5859 127746
48.6245 127746
48.6628 127746
48.7012 127746
48.7396 127746
48.7779 127746
48.8164 127746
48.855 127746
48.8936 127746
48.9321 127746
48.9704 127746
49.0087 127746
49.047 127746
49.0852 127746
49.1237 127746
49.1623 127746
49.2008 127746
49.2394 127746
49.2779 127746
49.3163 127746
49.3547 127746
49.3933 127746
49.4316 127746
49.4703 127746
49.5087 127746
49.5475 127746
49.586 127746
49.6246 127746
49.663 127746
49.7014 127746
49.7399 127746
49.7784 127746
49.8167 127746
49.8555 127746
49.894 127746
49.9326 127746
49.9711 127746
50.0097 127746
50.0483 127746
50.0867 127746
50.1252 127746
50.1636 127746
50.202 127746
50.2403 127746
50.2788 127746
50.3169 127746
50.3553 127746
50.3939 127746
50.4326 127746
50.4712 127746
50.5099 127746
50.5482 127746
50.5869 127746
50.6255 127746
50.6639 127746
50.7024 127746
50.741 127746
50.7794 127746
50.8178 127746
50.8563 127746
50.8949 127746
50.9335 127746
50.9717 127746
51.0103 127746
51.049 127746
51.0874 127746
51.1257 127746
51.1642 127746
51.2029 127746
51.2414 127746
51.28 127746
51.3184 127746
51.3568 127746
51.3951 127746
51.4334 127746
51.4719 127746
51.5104 127746
51.5485 127746
51.5869 127746
51.6259 127746
51.6643 127746
51.7029 127746
51.7413 127746
51.7801 127746
51.8188 127746
51.8573 127746
51.8959 127746
51.9345 127746
51.9728 127746
52.0114 127746
52.0499 127746
52.0885 127746
52.1271 127746
52.1657 127746
52.204 127746
52.2427 127746
52.2812 127746
52.3197 127746
52.3581 127746
52.3966 127746
52.4349 127746
52.4734 127746
52.5119 127746
52.5505 127746
52.5887 127746
52.6273 127746
52.6657 127746
52.7044 127746
52.743 127746
52.7817 127746
52.8203 127746
52.859 127746
52.8975 127746
52.9361 127746
52.975 127746
53.0134 127746
53.0517 127746
53.0898 127746
53.1282 127746
53.1666 127746
53.2053 127746
53.2436 127746
53.2826 127746
53.3207 127746
53.3592 127746
53.3976 127746
53.4362 127746
53.4748 127746
53.5133 127746
53.5517 127746
53.5903 127746
53.6289 127746
53.6674 127746
53.7056 127746
53.7442 127746
53.7824 127746
53.8209 127746
53.859 127746
53.8973 127746
53.9357 127746
53.9742 127746
54.0131 127746
54.0514 127746
54.0896 127746
54.1282 127746
54.1666 127746
54.205 127746
54.2435 127746
54.282 127746
54.3205 127746
54.3591 127746
54.3976 127746
54.4361 127746
54.4745 127746
54.513 127746
54.5516 127746
54.59 127746
54.6284 127746
54.6671 127746
54.7055 127746
54.744 127746
54.7826 127746
54.821 127746
54.8595 127746
54.8981 127746
54.9366 127746
54.975 127746
55.0133 127746
55.0517 127746
55.0902 127746
55.1285 127746
55.167 127746
55.2053 127746
55.2438 127746
55.2821 127746
55.3204 127746
55.359 127746
55.3973 127746
55.4361 127746
55.4749 127746
55.5134 127746
55.552 127746
55.5902 127746
55.6283 127746
55.6671 127746
55.7058 127746
55.7443 127746
55.7829 127746
55.8219 127746
55.86 127746
55.8983 127746
55.9369 127746
55.9754 127746
56.0139 127746
56.0521 127746
56.0902 127746
56.129 127746
56.1674 127746
56.2058 127746
56.2441 127746
56.2829 127746
56.3216 127746
56.36 127746
56.3985 127746
56.4373 127746
56.4753 127746
56.5135 127746
56.5518 127746
56.5903 127746
56.6287 127746
56.667 127746
56.7056 127746
56.7441 127746
56.7826 127746
56.8213 127746
56.8597 127746
56.8983 127746
56.9367 127746
56.9751 127746
57.014 127746
57.0522 127746
57.0905 127746
57.1287 127746
57.1674 127746
57.2058 127746
57.2444 127746
57.2828 127746
57.3216 127746
57.3599 127746
57.3983 127746
57.4366 127746
57.4751 127746
57.5135 127746
57.5519 127746
57.5903 127746
57.6286 127746
57.667 127746
57.7056 127746
57.744 127746
57.7828 127746
57.8214 127746
57.8595 127746
57.8981 127746
57.9365 127746
57.9753 127746
58.0136 127746
58.0521 127746
58.0911 127746
58.1293 127746
58.1676 127746
58.2061 127746
58.2449 127746
58.2838 127746
58.3221 127746
58.3605 127746
58.3991 127746
58.4373 127746
58.4758 127746
58.5146 127746
58.5534 127746
58.592 127746
58.6304 127746
58.6688 127746
58.7073 127746
58.7455 127746
58.784 127746
58.8225 127746
58.861 127746
58.8996 127746
58.938 127746
58.9765 127746
59.0149 127746
59.0533 127746
59.0917 127746
59.1304 127746
59.1688 127746
59.2072 127746
59.2457 127746
59.2839 127746
59.3224 127746
59.3606 127746
59.399 127746
59.4376 127746
59.4759 127746
59.5145 127746
59.5529 127746
59.5916 127746
59.6302 127746
59.6687 127746
59.7074 127746
59.7459 127746
59.784 127746
59.8223 127746
59.8606 127746
59.899 127746
59.9373 127746
59.9758 127746
60.0143 127746
60.053 127746
60.0913 127746
60.1297 127746
60.1682 127746
60.2066 127746
60.2453 127746
60.2838 127746
60.3224 127746
60.3607 127746
60.3994 127746
60.4377 127746
60.4765 127746
60.515 127746
60.5533 127746
60.5916 127746
60.63 127746
60.6686 127746
60.7067 127746
60.7452 127746
60.7836 127746
60.822 127746
60.8608 127746
60.899 127746
60.9377 127746
60.976 127746
61.0145 127746
61.0528 127746
61.0911 127746
61.1298 127746
61.1682 127746
61.2067 127746
61.245 127746
61.2835 127746
61.3219 127746
61.3607 127746
61.399 127746
61.4374 127746
61.4759 127746
61.5146 127746
61.5533 127746
61.5917 127746
61.6301 127746
61.6687 127746
61.7072 127746
61.7456 127746
61.7837 127746
61.8223 127746
61.8608 127746
61.899 127746
61.9374 127746
61.9758 127746
62.0142 127746
62.0525 127746
62.0909 127746
62.1295 127746
62.168 127746
62.2061 127746
62.2445 127746
62.2833 127746
62.3219 127746
62.3601 127746
62.3986 127746
62.437 127746
62.4755 127746
62.5136 127746
62.5522 127746
62.5909 127746
62.6292 127746
62.6677 127746
62.7061 127746
62.7447 127746
62.7832 127746
62.8215 127746
62.8601 127746
62.8985 127746
62.9368 127746
62.9752 127746
63.0135 127746
63.0517 127746
63.0904 127746
63.1286 127746
63.1672 127746
63.2057 127746
63.2442 127746
63.2826 127746
63.3211 127746
63.3597 127746
63.398 127746
63.4367 127746
63.475 127746
63.5132 127746
63.5518 127746
63.5903 127746
63.6289 127746
63.6671 127746
63.7056 127746
63.7442 127746
63.7825 127746
63.8207 127746
63.8592 127746
63.8979 127746
63.936 127746
63.9745 127746
64.0129 127746
64.0513 127746
64.0899 127746
64.1283 127746
64.1667 127746
64.2053 127746
64.2439 127746
64.2822 127746
64.3207 127746
64.3593 127746
64.3977 127746
64.436 127746
64.4746 127746
64.5131 127746
64.5515 127746
64.5899 127746
64.6286 127746
64.667 127746
64.7053 127746
64.7438 127746
64.782 127746
64.8203 127746
64.8589 127746
64.8972 127746
64.9359 127746
64.9744 127746
65.013 127746
65.0514 127746
65.0898 127746
65.1283 127746
65.1668 127746
65.2053 127746
65.244 127746
65.2826 127746
65.3212 127746
65.3596 127746
65.3983 127746
65.437 127746
65.4755 127746
65.5139 127746
65.5524 127746
65.5911 127746
65.6294 127746
65.6679 127746
65.7061 127746
65.7445 127746
65.783 127746
65.8216 127746
65.8602 127746
65.8988 127746
65.9375 127746
65.9759 127746
66.0146 127746
66.053 127746
66.0914 127746
66.1297 127746
66.1678 127746
66.2064 127746
66.2447 127746
66.2835 127746
66.322 127746
66.3602 127746
66.3987 127746
66.4371 127746
66.4756 127746
66.5143 127746
66.5529 127746
66.5914 127746
66.6299 127746
66.6683 127746
66.7065 127746
66.7451 127746
66.7837 127746
66.8221 127746
66.8603 127746
66.8988 127746
66.9374 127746
66.9757 127746
67.014 127746
67.0525 127746
67.0911 127746
67.1296 127746
67.1679 127746
67.2065 127746
67.2446 127746
67.2831 127746
67.3219 127746
67.3601 127746
67.3985 127746
67.4366 127746
67.475 127746
67.5132 127746
67.5515 127746
67.5899 127746
67.6287 127746
67.6671 127746
67.7059 127746
67.7441 127746
67.7826 127746
67.8212 127746
67.8597 127746
67.898 127746
67.9366 127746
67.9753 127746
68.0138 127746
68.0523 127746
68.091 127746
68.1293 127746
68.1671 127746
68.2054 127746
68.2439 127746
68.2825 127746
68.3208 127746
68.359 127746
68.3973 127746
68.436 127746
68.4745 127746
68.5129 127746
68.5513 127746
68.5899 127746
68.6286 127746
68.6672 127746
68.7057 127746
68.7439 127746
68.7822 127746
68.8207 127746
68.8591 127746
68.8971 127746
68.9357 127746
68.9744 127746
69.0127 127746
69.0513 127746
69.0896 127746
69.1278 127746
69.1665 127746
69.2047 127746
69.2431 127746
69.2818 127746
69.3206 127746
69.3592 127746
69.3979 127746
69.4362 127746
69.4745 127746
69.5132 127746
69.5516 127746
69.5904 127746
69.6287 127746
69.6668 127746
69.7049 127746
69.7436 127746
69.7817 127746
69.8202 127746
69.8586 127746
69.8972 127746
69.9356 127746
69.974 127746
70.0124 127746
70.0513 127746
70.0894 127746
70.1279 127746
70.1662 127746
70.2051 127746
70.2436 127746
70.2818 127746
70.3203 127746
70.359 127746
70.3976 127746
70.4359 127746
70.4748 127746
70.5134 127746
70.5521 127746
70.5903 127746
70.6294 127746
70.6679 127746
70.7063 127746
70.7448 127746
70.7835 127746
70.8218 127746
70.8603 127746
70.899 127746
70.9377 127746
70.9762 127746
71.0148 127746
71.0533 127746
71.0919 127746
71.1304 127746
71.1688 127746
71.2072 127746
71.2457 127746
71.284 127746
71.3223 127746
71.3609 127746
71.3996 127746
71.4383 127746
71.4766 127746
71.5149 127746
71.5536 127746
71.5918 127746
71.63 127746
71.6683 127746
71.7066 127746
71.745 127746
71.7834 127746
71.8218 127746
71.8602 127746
71.8984 127746
71.9367 127746
71.9751 127746
72.0137 127746
72.052 127746
72.0903 127746
72.1289 127746
72.1674 127746
72.2058 127746
72.2442 127746
72.2827 127746
72.3211 127746
72.3594 127746
72.3977 127746
72.436 127746
72.4749 127746
72.5135 127746
72.5519 127746
72.5906 127746
72.6291 127746
72.6676 127746
72.7059 127746
72.7446 127746
72.783 127746
72.8216 127746
72.8599 127746
72.8984 127746
72.9368 127746
72.9751 127746
73.0135 127746
73.0526 127746
73.0912 127746
73.1298 127746
73.1681 127746
73.2068 127746
73.2454 127746
73.2838 127746
73.3219 127746
73.3604 127746
73.3986 127746
73.4369 127746
73.4753 127746
73.5137 127746
73.5518 127746
73.5904 127746
73.6294 127746
73.6679 127746
73.7065 127746
73.7448 127746
73.7834 127746
73.8218 127746
73.8603 127746
73.8987 127746
73.9373 127746
73.9757 127746
74.0141 127746
74.0524 127746
74.0908 127746
74.1293 127746
74.1679 127746
74.2062 127746
74.2449 127746
74.2833 127746
74.3219 127746
74.3603 127746
74.3988 127746
74.4372 127746
74.4756 127746
74.514 127746
74.5525 127746
74.5908 127746
74.6293 127746
74.6675 127746
74.7058 127746
74.7443 127746
74.7829 127746
74.8215 127746
74.86 127746
74.8984 127746
74.9368 127746
74.9755 127746
75.0136 127746
75.0523 127746
75.0906 127746
75.1289 127746
75.1674 127746
75.2058 127746
75.2443 127746
75.2829 127746
75.3214 127746
75.3596 127746
75.3981 127746
75.4367 127746
75.4749 127746
75.5135 127746
75.552 127746
75.5907 127746
75.6292 127746
75.6676 127746
75.7059 127746
75.7446 127746
75.7828 127746
75.8215 127746
75.8599 127746
75.8986 127746
75.937 127746
75.9756 127746
76.0139 127746
76.0524 127746
76.0909 127746
76.1297 127746
76.1678 127746
76.2063 127746
76.2447 127746
76.2834 127746
76.3216 127746
76.3602 127746
76.3987 127746
76.4372 127746
76.4756 127746
76.5144 127746
76.5529 127746
76.5914 127746
76.6299 127746
76.6684 127746
76.7068 127746
76.7453 127746
76.7838 127746
76.8224 127746
76.861 127746
76.8992 127746
76.938 127746
76.9763 127746
77.0146 127746
77.0533 127746
77.0918 127746
77.1302 127746
77.1686 127746
77.2069 127746
77.2454 127746
77.2838 127746
77.3222 127746
77.3605 127746
77.3991 127746
77.4376 127746
77.4761 127746
77.5146 127746
77.553 127746
77.5916 127746
77.6301 127746
77.6681 127746
77.7068 127746
77.7453 127746
77.7838 127746
77.8222 127746
77.8608 127746
77.8989 127746
77.9372 127746
77.9758 127746
78.0146 127746
78.0531 127746
78.0914 127746
78.1304 127746
78.1688 127746
78.2073 127746
78.2459 127746
78.2849 127746
78.3233 127746
78.3619 127746
78.4003 127746
78.439 127746
78.4775 127746
78.516 127746
78.5546 127746
78.593 127746
78.6314 127746
78.6698 127746
78.7083 127746
78.747 127746
78.7855 127746
78.8239 127746
78.8623 127746
78.9009 127746
78.9393 127746
78.9776 127746
79.0158 127746
79.0543 127746
79.0929 127746
79.1314 127746
79.1696 127746
79.2083 127746
79.2465 127746
79.2846 127746
79.3236 127746
79.3621 127746
79.4005 127746
79.4389 127746
79.4774 127746
79.5159 127746
79.5547 127746
79.593 127746
79.6315 127746
79.67 127746
79.7085 127746
79.7471 127746
79.786 127746
79.8247 127746
79.8631 127746
79.9012 127746
79.9396 127746
79.9778 127746
80.0164 127746
80.0551 127746
80.0934 127746
80.1317 127746
80.1702 127746
80.2086 127746
80.2472 127746
80.2858 127746
80.3244 127746
80.3628 127746
80.4016 127746
80.4399 127746
80.4785 127746
80.517 127746
80.5555 127746
80.594 127746
80.6326 127746
80.6711 127746
80.7096 127746
80.748 127746
80.7865 127746
80.825 127746
80.8635 127746
80.902 127746
80.9403 127746
80.9785 127746
81.0171 127746
81.0556 127746
81.094 127746
81.1323 127746
81.1711 127746
81.2095 127746
81.2482 127746
81.2867 127746
81.3256 127746
81.3642 127746
81.4027 127746
81.441 127746
81.4797 127746
81.5181 127746
81.5567 127746
81.5953 127746
81.6338 127746
81.672 127746
81.7103 127746
81.7491 127746
81.7876 127746
81.826 127746
81.864 127746
81.9027 127746
81.9411 127746
81.9793 127746
82.0176 127746
82.056 127746
82.0946 127746
82.1329 127746
82.1711 127746
82.2097 127746
82.2481 127746
82.2864 127746
82.3247 127746
82.3634 127746
82.402 127746
82.4407 127746
82.479 127746
82.5177 127746
82.5562 127746
82.5948 127746
82.6332 127746
82.6718 127746
82.7101 127746
82.7485 127746
82.787 127746
82.8252 127746
82.8638 127746
82.9022 127746
82.9406 127746
82.9793 127746
83.0178 127746
83.0562 127746
83.0951 127746
83.1336 127746
83.1721 127746
83.2107 127746
83.2494 127746
83.2878 127746
83.3261 127746
83.3645 127746
83.4033 127746
83.4417 127746
83.48 127746
83.5186 127746
83.5573 127746
83.5958 127746
83.634 127746
83.6726 127746
83.7111 127746
83.7494 127746
83.7879 127746
83.8262 127746
83.8647 127746
83.903 127746
83.9416 127746
83.9801 127746
84.0186 127746
84.0569 127746
84.0952 127746
84.1337 127746
84.1723 127746
84.2108 127746
84.2492 127746
84.2875 127746
84.326 127746
84.3644 127746
84.4027 127746
84.4413 127746
84.4798 127746
84.5185 127746
84.5569 127746
84.5956 127746
84.634 127746
84.6725 127746
84.7111 127746
84.7498 127746
84.7882 127746
84.8267 127746
84.8651 127746
84.9038 127746
84.9421 127746
84.9805 127746
85.019 127746
85.0573 127746
85.0957 127746
85.134 127746
85.1727 127746
85.2114 127746
85.2499 127746
85.2882 127746
85.3268 127746
85.3656 127746
85.404 127746
85.4425 127746
85.4808 127746
85.5193 127746
85.5575 127746
85.5959 127746
85.6344 127746
85.6728 127746
85.7111 127746
85.7499 127746
85.7884 127746
85.8271 127746
85.8659 127746
85.9045 127746
85.943 127746
85.9817 127746
86.0202 127746
86.0585 127746
86.0971 127746
86.1356 127746
86.174 127746
86.2123 127746
86.2509 127746
86.2893 127746
86.3279 127746
86.3663 127746
86.4049 127746
86.443 127746
86.4813 127746
86.5198 127746
86.5586 127746
86.5971 127746
86.6355 127746
86.6741 127746
86.7125 127746
86.7509 127746
86.7894 127746
86.8274 127746
86.866 127746
86.9045 127746
86.9431 127746
86.9816 127746
87.0203 127746
87.0587 127746
87.097 127746
87.1352 127746
87.1739 127746
87.2121 127746
87.2507 127746
87.2889 127746
87.3273 127746
87.3655 127746
87.4042 127746
87.4427 127746
87.4812 127746
87.5194 127746
87.5578 127746
87.5963 127746
87.6346 127746
87.6731 127746
87.7117 127746
87.7502 127746
87.7888 127746
87.8274 127746
87.8657 127746
87.9043 127746
87.9426 127746
87.9811 127746
88.0194 127746
88.0579 127746
88.0965 127746
88.1349 127746
88.1732 127746
88.2119 127746
88.2504 127746
88.2889 127746
88.3275 127746
88.366 127746
88.4047 127746
88.443 127746
88.4814 127746
88.5199 127746
88.5582 127746
88.5967 127746
88.6352 127746
88.6736 127746
88.7123 127746
88.7508 127746
88.7892 127746
88.8281 127746
88.8668 127746
88.9054 127746
88.9439 127746
88.9822 127746
89.0209 127746
89.0593 127746
89.0976 127746
89.136 127746
89.1744 127746
89.2128 127746
89.2515 127746
89.2897 127746
89.3284 127746
89.367 127746
89.4056 127746
89.444 127746
89.4823 127746
89.5209 127746
89.5593 127746
89.5977 127746
89.636 127746
89.6741 127746
89.7128 127746
89.751 127746
89.7894 127746
89.8278 127746
89.8664 127746
89.9048 127746
89.9436 127746
89.9816 127746
90.0203 127746
90.0587 127746
90.0973 127746
90.1358 127746
90.1741 127746
90.2124 127746
90.2509 127746
90.2894 127746
90.3278 127746
90.3663 127746
90.4048 127746
90.4434 127746
90.4816 127746
90.5196 127746
90.558 127746
90.5964 127746
90.6351 127746
90.6736 127746
90.7118 127746
90.7503 127746
90.7888 127746
90.8272 127746
90.8656 127746
90.9041 127746
90.9428 127746
90.9813 127746
91.0199 127746
91.0585 127746
91.0971 127746
91.1355 127746
91.1741 127746
91.2125 127746
91.2508 127746
91.2894 127746
91.3278 127746
91.3661 127746
91.4043 127746
91.4426 127746
91.4809 127746
91.5194 127746
91.5578 127746
91.5963 127746
91.635 127746
91.6735 127746
91.7118 127746
91.7502 127746
91.7888 127746
91.8273 127746
91.8655 127746
91.9042 127746
91.9427 127746
91.9815 127746
92.0201 127746
92.0585 127746
92.0968 127746
92.1353 127746
92.174 127746
92.2122 127746
92.2507 127746
92.2894 127746
92.3279 127746
92.3666 127746
92.405 127746
92.4435 127746
92.4821 127746
92.5204 127746
92.559 127746
92.5975 127746
92.6363 127746
92.6749 127746
92.7133 127746
92.7518 127746
92.7902 127746
92.8286 127746
92.8675 127746
92.906 127746
92.9443 127746
92.9828 127746
93.0213 127746
93.0598 127746
93.098 127746
93.1364 127746
93.1748 127746
93.2129 127746
93.2512 127746
93.2899 127746
93.3284 127746
93.367 127746
93.4053 127746
93.4437 127746
93.4824 127746
93.5207 127746
93.5593 127746
93.5974 127746
93.6361 127746
93.6746 127746
93.7131 127746
93.7513 127746
93.7897 127746
93.8281 127746
93.8666 127746
93.9051 127746
93.9437 127746
93.9823 127746
94.0211 127746
94.0596 127746
94.0984 127746
94.137 127746
94.1754 127746
94.2142 127746
94.2527 127746
94.2911 127746
94.3297 127746
94.3682 127746
94.4065 127746
94.4451 127746
94.4835 127746
94.5218 127746
94.5603 127746
94.5989 127746
94.6374 127746
94.6764 127746
94.7148 127746
94.7532 127746
94.7914 127746
94.8298 127746
94.8685 127746
94.907 127746
94.9457 127746
94.984 127746
95.0227 127746
95.0613 127746
95.0997 127746
95.1382 127746
95.1769 127746
95.2154 127746
95.2542 127746
95.2927 127746
95.3309 127746
95.3696 127746
95.4083 127746
95.4471 127746
95.4856 127746
95.5238 127746
95.5621 127746
95.601 127746
95.6396 127746
95.6781 127746
95.7163 127746
95.7546 127746
95.7929 127746
95.8312 127746
95.8695 127746
95.908 127746
95.9466 127746
95.9851 127746
96.0236 127746
96.062 127746
96.1004 127746
96.1388 127746
96.1769 127746
96.2157 127746
96.2541 127746
96.2926 127746
96.3312 127746
96.3697 127746
96.4084 127746
96.4468 127746
96.4855 127746
96.5238 127746
96.562 127746
96.6003 127746
96.6385 127746
96.6769 127746
96.7156 127746
96.754 127746
96.7924 127746
96.8309 127746
96.8695 127746
96.9079 127746
96.9464 127746
96.9848 127746
97.0233 127746
97.0619 127746
97.1006 127746
97.1392 127746
97.178 127746
97.2163 127746
97.2548 127746
97.2932 127746
97.3316 127746
97.37 127746
97.4086 127746
97.4471 127746
97.4853 127746
97.5237 127746
97.562 127746
97.6005 127746
97.6386 127746
97.6771 127746
97.7153 127746
97.7536 127746
97.7921 127746
97.8304 127746
97.8687 127746
97.9072 127746
97.9455 127746
97.9838 127746
98.0221 127746
98.0602 127746
98.0987 127746
98.1374 127746
98.1758 127746
98.214 127746
98.2524 127746
98.291 127746
98.3295 127746
98.368 127746
98.4064 127746
98.4451 127746
98.4834 127746
98.5215 127746
98.5595 127746
98.5979 127746
98.6362 127746
98.6749 127746
98.7134 127746
98.7522 127746
98.7907 127746
98.8294 127746
98.8678 127746
98.9062 127746
98.9447 127746
98.9831 127746
99.0215 127746
99.0602 127746
99.0983 127746
99.1369 127746
99.1755 127746
99.2137 127746
99.252 127746
99.2905 127746
99.329 127746
99.3674 127746
99.4057 127746
99.4445 127746
99.4831 127746
99.5213 127746
99.5594 127746
99.5979 127746
99.6364 127746
99.675 127746
99.7135 127746
99.752 127746
99.7906 127746
99.8292 127746
99.8675 127746
99.9059 127746
99.9447 127746
99.9832 127746
100.022 127746
100.06 127746
100.099 127746
100.137 127746
100.176 127746
100.214 127746
100.252 127746
100.291 127746
100.33 127746
100.368 127746
100.407 127746
100.445 127746
100.484 127746
100.522 127746
100.56 127746
100.599 127746
100.637 127746
100.676 127746
100.714 127746
100.753 127746
100.791 127746
100.83 127746
100.868 127746
100.907 127746
100.945 127746
100.984 127746
101.022 127746
101.061 127746
101.099 127746
101.138 127746
101.176 127746
101.214 127746
101.253 127746
101.291 127746
101.33 127746
101.368 127746
101.407 127746
101.445 127746
101.483 127746
101.522 127746
101.561 127746
101.599 127746
101.638 127746
101.676 127746
101.715 127746
101.753 127746
101.792 127746
101.83 127746
101.869 127746
101.907 127746
101.946 127746
101.985 127746
102.023 127746
102.062 127746
102.101 127746
102.139 127746
102.177 127746
102.216 127746
102.254 127746
102.293 127746
102.332 127746
102.371 127746
102.409 127746
102.448 127746
102.486 127746
102.525 127746
102.564 127746
102.602 127746
102.641 127746
102.679 127746
102.718 127746
102.756 127746
102.795 127746
102.833 127746
102.872 127746
102.91 127746
102.949 127746
102.988 127746
103.026 127746
103.064 127746
103.103 127746
103.141 127746
103.18 127746
103.218 127746
103.257 127746
103.295 127746
103.334 127746
103.372 127746
103.411 127746
103.449 127746
103.487 127746
103.526 127746
103.565 127746
103.603 127746
103.641 127746
103.68 127746
103.718 127746
103.757 127746
103.795 127746
103.834 127746
103.872 127746
103.91 127746
103.949 127746
103.987 127746
104.026 127746
104.064 127746
104.103 127746
104.141 127746
104.179 127746
104.218 127746
104.256 127746
104.295 127746
104.333 127746
104.372 127746
104.41 127746
104.449 127746
104.487 127746
104.526 127746
104.564 127746
104.603 127746
104.642 127746
104.68 127746
104.719 127746
104.757 127746
104.795 127746
104.834 127746
104.872 127746
104.911 127746
104.949 127746
104.988 127746
105.026 127746
105.065 127746
105.103 127746
105.142 127746
105.18 127746
105.219 127746
105.257 127746
105.295 127746
105.334 127746
105.373 127746
105.411 127746
105.449 127746
105.488 127746
105.526 127746
105.565 127746
105.603 127746
105.642 127746
105.68 127746
105.719 127746
105.757 127746
105.796 127746
105.834 127746
105.873 127746
105.911 127746
105.95 127746
105.989 127746
106.027 127746
106.066 127746
106.104 127746
106.142 127746
106.181 127746
106.219 127746
106.258 127746
106.296 127746
106.334 127746
106.373 127746
106.411 127746
106.45 127746
106.488 127746
106.527 127746
106.565 127746
106.604 127746
106.642 127746
106.681 127746
106.719 127746
106.758 127746
106.796 127746
106.835 127746
106.873 127746
106.912 127746
106.95 127746
106.988 127746
107.026 127746
107.065 127746
107.103 127746
107.142 127746
107.18 127746
107.219 127746
107.257 127746
107.296 127746
107.334 127746
107.373 127746
107.411 127746
107.45 127746
107.489 127746
107.527 127746
107.565 127746
107.604 127746
107.642 127746
107.681 127746
107.72 127746
107.758 127746
107.797 127746
107.835 127746
107.873 127746
107.912 127746
107.95 127746
107.989 127746
108.027 127746
108.066 127746
108.104 127746
108.143 127746
108.181 127746
108.22 127746
108.258 127746
108.297 127746
108.336 127746
108.374 127746
108.412 127746
108.451 127746
108.489 127746
108.528 127746
108.566 127746
108.604 127746
108.643 127746
108.682 127746
108.72 127746
108.758 127746
108.797 127746
108.835 127746
108.874 127746
108.912 127746
108.95 127746
108.989 127746
109.027 127746
109.066 127746
109.104 127746
109.143 127746
109.181 127746
109.22 127746
109.259 127746
109.298 127746
109.336 127746
109.374 127746
109.412 127746
109.45 127746
109.489 127746
109.528 127746
109.566 127746
109.605 127746
109.643 127746
109.682 127746
109.72 127746
109.758 127746
109.797 127746
109.835 127746
109.874 127746
109.912 127746
109.95 127746
109.989 127746
110.027 127746
110.066 127746
110.104 127746
110.143 127746
110.181 127746
110.22 127746
110.258 127746
110.297 127746
110.335 127746
110.374 127746
110.413 127746
110.451 127746
110.49 127746
110.529 127746
110.567 127746
110.606 127746
110.644 127746
110.682 127746
110.721 127746
110.76 127746
110.798 127746
110.837 127746
110.875 127746
110.914 127746
110.952 127746
110.991 127746
111.029 127746
111.068 127746
111.106 127746
111.144 127746
111.183 127746
111.221 127746
111.26 127746
111.298 127746
111.337 127746
111.375 127746
111.413 127746
111.452 127746
111.49 127746
111.529 127746
111.568 127746
111.606 127746
111.645 127746
111.683 127746
111.722 127746
111.76 127746
111.798 127746
111.837 127746
111.875 127746
111.914 127746
111.952 127746
111.991 127746
112.029 127746
112.067 127746
112.106 127746
112.145 127746
112.183 127746
112.221 127746
112.26 127746
112.298 127746
112.336 127746
112.375 127746
112.413 127746
112.452 127746
112.49 127746
112.529 127746
112.567 127746
112.605 127746
112.644 127746
112.682 127746
112.721 127746
112.759 127746
112.798 127746
112.836 127746
112.874 127746
112.913 127746
112.951 127746
112.99 127746
113.028 127746
113.067 127746
113.105 127746
113.144 127746
113.183 127746
113.221 127746
113.259 127746
113.297 127746
113.336 127746
113.374 127746
113.413 127746
113.452 127746
113.49 127746
113.528 127746
113.567 127746
113.605 127746
113.643 127746
113.682 127746
113.72 127746
113.758 127746
113.797 127746
113.835 127746
113.874 127746
113.912 127746
113.95 127746
113.989 127746
114.027 127746
114.066 127746
114.105 127746
114.143 127746
114.181 127746
114.22 127746
114.258 127746
114.297 127746
114.335 127746
114.374 127746
114.412 127746
114.45 127746
114.489 127746
114.527 127746
114.566 127746
114.604 127746
114.643 127746
114.681 127746
114.72 127746
114.758 127746
114.797 127746
114.835 127746
114.874 127746
114.912 127746
114.951 127746
114.989 127746
115.027 127746
115.065 127746
115.104 127746
115.142 127746
115.181 127746
115.219 127746
115.257 127746
115.296 127746
115.334 127746
115.372 127746
115.41 127746
115.449 127746
115.487 127746
115.525 127746
115.564 127746
115.602 127746
115.641 127746
115.679 127746
115.718 127746
115.756 127746
115.795 127746
115.833 127746
115.872 127746
115.91 127746
115.948 127746
115.987 127746
116.025 127746
116.064 127746
116.102 127746
116.141 127746
116.179 127746
116.217 127746
116.256 127746
116.295 127746
116.333 127746
116.371 127746
116.41 127746
116.449 127746
116.487 127746
116.525 127746
116.564 127746
116.602 127746
116.64 127746
116.679 127746
116.717 127746
116.756 127746
116.795 127746
116.833 127746
116.871 127746
116.91 127746
116.948 127746
116.987 127746
